<?xml version="1.0" encoding="UTF-8"?>
<!-- Generated by org.testng.reporters.JUnitXMLReporter -->
<testsuite hostname="Diyadins-MacBook-Pro.local" name="Surefire test" tests="21" failures="0" timestamp="20 Oct 2016 07:58:58 GMT" time="0.291" errors="0">
  <testcase name="testConversorCity on testConversorCity(se.nackademin.examination.examination_jacoco.ConversorTest)" time="0.01" classname="se.nackademin.examination.examination_jacoco.ConversorTest"/>
  <testcase name="testConversorName on testConversorName(se.nackademin.examination.examination_jacoco.ConversorTest)" time="0.0" classname="se.nackademin.examination.examination_jacoco.ConversorTest"/>
  <testcase name="testConversorGender on testConversorGender(se.nackademin.examination.examination_jacoco.ConversorTest)" time="0.0" classname="se.nackademin.examination.examination_jacoco.ConversorTest"/>
  <testcase name="testConversorAge on testConversorAge(se.nackademin.examination.examination_jacoco.ConversorTest)" time="0.0" classname="se.nackademin.examination.examination_jacoco.ConversorTest"/>
  <testcase name="testMainMethod on testMainMethod(se.nackademin.examination.examination_jacoco.MainTest)" time="0.002" classname="se.nackademin.examination.examination_jacoco.MainTest"/>
  <testcase name="test1 on test1(se.nackademin.examination.examination_jacoco.DataAnalysisTest)" time="0.002" classname="se.nackademin.examination.examination_jacoco.DataAnalysisTest"/>
  <testcase name="test2 on test2(se.nackademin.examination.examination_jacoco.DataAnalysisTest)" time="0.001" classname="se.nackademin.examination.examination_jacoco.DataAnalysisTest"/>
  <testcase name="test3 on test3(se.nackademin.examination.examination_jacoco.DataAnalysisTest)" time="0.0" classname="se.nackademin.examination.examination_jacoco.DataAnalysisTest"/>
  <testcase name="getResultForHomeCity on getResultForHomeCity(se.nackademin.examination.examination_jacoco.ResultsFromInputsTest)" time="0.001" classname="se.nackademin.examination.examination_jacoco.ResultsFromInputsTest"/>
  <testcase name="getResultForGenderTest on getResultForGenderTest(se.nackademin.examination.examination_jacoco.ResultsFromInputsTest)" time="0.0" classname="se.nackademin.examination.examination_jacoco.ResultsFromInputsTest"/>
  <testcase name="getResultForAgeTest on getResultForAgeTest(se.nackademin.examination.examination_jacoco.ResultsFromInputsTest)" time="0.001" classname="se.nackademin.examination.examination_jacoco.ResultsFromInputsTest"/>
  <testcase name="testAgeGettersAndSettersMethods on testAgeGettersAndSettersMethods(se.nackademin.examination.examination_jacoco.ResultsFromInputsTest)" time="0.0" classname="se.nackademin.examination.examination_jacoco.ResultsFromInputsTest"/>
  <testcase name="testMethod1 on testMethod1(se.nackademin.examination.examination_jacoco.GameTest)" time="0.0" classname="se.nackademin.examination.examination_jacoco.GameTest"/>
  <testcase name="testMethod2 on testMethod2(se.nackademin.examination.examination_jacoco.GameTest)" time="0.0" classname="se.nackademin.examination.examination_jacoco.GameTest"/>
  <testcase name="testMethod3 on testMethod3(se.nackademin.examination.examination_jacoco.GameTest)" time="0.0" classname="se.nackademin.examination.examination_jacoco.GameTest"/>
  <testcase name="testMethod4 on testMethod4(se.nackademin.examination.examination_jacoco.GameTest)" time="0.0" classname="se.nackademin.examination.examination_jacoco.GameTest"/>
  <testcase name="testMethod5 on testMethod5(se.nackademin.examination.examination_jacoco.GameTest)" time="0.001" classname="se.nackademin.examination.examination_jacoco.GameTest"/>
  <testcase name="testMethod6 on testMethod6(se.nackademin.examination.examination_jacoco.GameTest)" time="0.0" classname="se.nackademin.examination.examination_jacoco.GameTest"/>
  <testcase name="testMethod7 on testMethod7(se.nackademin.examination.examination_jacoco.GameTest)" time="0.0" classname="se.nackademin.examination.examination_jacoco.GameTest"/>
  <testcase name="runTest on runTest(se.nackademin.examination.examination_jacoco.GameTest)" time="0.0" classname="se.nackademin.examination.examination_jacoco.GameTest"/>
  <testcase name="testGenderFromInputs on testGenderFromInputs(se.nackademin.examination.examination_jacoco.GameTest)" time="0.001" classname="se.nackademin.examination.examination_jacoco.GameTest"/>
</testsuite> <!-- Surefire test -->
