<?xml version="1.0" encoding="UTF-8"?>
<testng-results skipped="0" failed="0" total="21" passed="21">
  <reporter-output>
  </reporter-output>
  <suite name="Surefire suite" duration-ms="291" started-at="2016-10-20T07:58:58Z" finished-at="2016-10-20T07:58:58Z">
    <groups>
    </groups>
    <test name="Surefire test" duration-ms="291" started-at="2016-10-20T07:58:58Z" finished-at="2016-10-20T07:58:58Z">
      <class name="se.nackademin.examination.examination_jacoco.ConversorTest">
        <test-method status="PASS" signature="testConversorCity()[pri:0, instance:testConversorCity(se.nackademin.examination.examination_jacoco.ConversorTest)]" name="testConversorCity" duration-ms="10" started-at="2016-10-20T09:58:58Z" finished-at="2016-10-20T09:58:58Z">
          <reporter-output>
          </reporter-output>
        </test-method> <!-- testConversorCity -->
        <test-method status="PASS" signature="testConversorName()[pri:0, instance:testConversorName(se.nackademin.examination.examination_jacoco.ConversorTest)]" name="testConversorName" duration-ms="0" started-at="2016-10-20T09:58:58Z" finished-at="2016-10-20T09:58:58Z">
          <reporter-output>
          </reporter-output>
        </test-method> <!-- testConversorName -->
        <test-method status="PASS" signature="testConversorGender()[pri:0, instance:testConversorGender(se.nackademin.examination.examination_jacoco.ConversorTest)]" name="testConversorGender" duration-ms="0" started-at="2016-10-20T09:58:58Z" finished-at="2016-10-20T09:58:58Z">
          <reporter-output>
          </reporter-output>
        </test-method> <!-- testConversorGender -->
        <test-method status="PASS" signature="testConversorAge()[pri:0, instance:testConversorAge(se.nackademin.examination.examination_jacoco.ConversorTest)]" name="testConversorAge" duration-ms="0" started-at="2016-10-20T09:58:58Z" finished-at="2016-10-20T09:58:58Z">
          <reporter-output>
          </reporter-output>
        </test-method> <!-- testConversorAge -->
      </class> <!-- se.nackademin.examination.examination_jacoco.ConversorTest -->
      <class name="se.nackademin.examination.examination_jacoco.GameTest">
        <test-method status="PASS" signature="testMethod1()[pri:0, instance:testMethod1(se.nackademin.examination.examination_jacoco.GameTest)]" name="testMethod1" duration-ms="0" started-at="2016-10-20T09:58:58Z" finished-at="2016-10-20T09:58:58Z">
          <reporter-output>
          </reporter-output>
        </test-method> <!-- testMethod1 -->
        <test-method status="PASS" signature="testMethod2()[pri:0, instance:testMethod2(se.nackademin.examination.examination_jacoco.GameTest)]" name="testMethod2" duration-ms="0" started-at="2016-10-20T09:58:58Z" finished-at="2016-10-20T09:58:58Z">
          <reporter-output>
          </reporter-output>
        </test-method> <!-- testMethod2 -->
        <test-method status="PASS" signature="testMethod3()[pri:0, instance:testMethod3(se.nackademin.examination.examination_jacoco.GameTest)]" name="testMethod3" duration-ms="0" started-at="2016-10-20T09:58:58Z" finished-at="2016-10-20T09:58:58Z">
          <reporter-output>
          </reporter-output>
        </test-method> <!-- testMethod3 -->
        <test-method status="PASS" signature="testMethod4()[pri:0, instance:testMethod4(se.nackademin.examination.examination_jacoco.GameTest)]" name="testMethod4" duration-ms="0" started-at="2016-10-20T09:58:58Z" finished-at="2016-10-20T09:58:58Z">
          <reporter-output>
          </reporter-output>
        </test-method> <!-- testMethod4 -->
        <test-method status="PASS" signature="testMethod5()[pri:0, instance:testMethod5(se.nackademin.examination.examination_jacoco.GameTest)]" name="testMethod5" duration-ms="1" started-at="2016-10-20T09:58:58Z" finished-at="2016-10-20T09:58:58Z">
          <reporter-output>
          </reporter-output>
        </test-method> <!-- testMethod5 -->
        <test-method status="PASS" signature="testMethod6()[pri:0, instance:testMethod6(se.nackademin.examination.examination_jacoco.GameTest)]" name="testMethod6" duration-ms="0" started-at="2016-10-20T09:58:58Z" finished-at="2016-10-20T09:58:58Z">
          <reporter-output>
          </reporter-output>
        </test-method> <!-- testMethod6 -->
        <test-method status="PASS" signature="testMethod7()[pri:0, instance:testMethod7(se.nackademin.examination.examination_jacoco.GameTest)]" name="testMethod7" duration-ms="0" started-at="2016-10-20T09:58:58Z" finished-at="2016-10-20T09:58:58Z">
          <reporter-output>
          </reporter-output>
        </test-method> <!-- testMethod7 -->
        <test-method status="PASS" signature="testGenderFromInputs()[pri:0, instance:testGenderFromInputs(se.nackademin.examination.examination_jacoco.GameTest)]" name="testGenderFromInputs" duration-ms="1" started-at="2016-10-20T09:58:58Z" finished-at="2016-10-20T09:58:58Z">
          <reporter-output>
          </reporter-output>
        </test-method> <!-- testGenderFromInputs -->
        <test-method status="PASS" signature="runTest()[pri:0, instance:runTest(se.nackademin.examination.examination_jacoco.GameTest)]" name="runTest" duration-ms="0" started-at="2016-10-20T09:58:58Z" finished-at="2016-10-20T09:58:58Z">
          <reporter-output>
          </reporter-output>
        </test-method> <!-- runTest -->
      </class> <!-- se.nackademin.examination.examination_jacoco.GameTest -->
      <class name="se.nackademin.examination.examination_jacoco.ResultsFromInputsTest">
        <test-method status="PASS" signature="getResultForHomeCity()[pri:0, instance:getResultForHomeCity(se.nackademin.examination.examination_jacoco.ResultsFromInputsTest)]" name="getResultForHomeCity" duration-ms="1" started-at="2016-10-20T09:58:58Z" finished-at="2016-10-20T09:58:58Z">
          <reporter-output>
          </reporter-output>
        </test-method> <!-- getResultForHomeCity -->
        <test-method status="PASS" signature="getResultForGenderTest()[pri:0, instance:getResultForGenderTest(se.nackademin.examination.examination_jacoco.ResultsFromInputsTest)]" name="getResultForGenderTest" duration-ms="0" started-at="2016-10-20T09:58:58Z" finished-at="2016-10-20T09:58:58Z">
          <reporter-output>
          </reporter-output>
        </test-method> <!-- getResultForGenderTest -->
        <test-method status="PASS" signature="getResultForAgeTest()[pri:0, instance:getResultForAgeTest(se.nackademin.examination.examination_jacoco.ResultsFromInputsTest)]" name="getResultForAgeTest" duration-ms="1" started-at="2016-10-20T09:58:58Z" finished-at="2016-10-20T09:58:58Z">
          <reporter-output>
          </reporter-output>
        </test-method> <!-- getResultForAgeTest -->
        <test-method status="PASS" signature="testAgeGettersAndSettersMethods()[pri:0, instance:testAgeGettersAndSettersMethods(se.nackademin.examination.examination_jacoco.ResultsFromInputsTest)]" name="testAgeGettersAndSettersMethods" duration-ms="0" started-at="2016-10-20T09:58:58Z" finished-at="2016-10-20T09:58:58Z">
          <reporter-output>
          </reporter-output>
        </test-method> <!-- testAgeGettersAndSettersMethods -->
      </class> <!-- se.nackademin.examination.examination_jacoco.ResultsFromInputsTest -->
      <class name="se.nackademin.examination.examination_jacoco.DataAnalysisTest">
        <test-method status="PASS" signature="test1()[pri:0, instance:test1(se.nackademin.examination.examination_jacoco.DataAnalysisTest)]" name="test1" duration-ms="2" started-at="2016-10-20T09:58:58Z" finished-at="2016-10-20T09:58:58Z">
          <reporter-output>
          </reporter-output>
        </test-method> <!-- test1 -->
        <test-method status="PASS" signature="test2()[pri:0, instance:test2(se.nackademin.examination.examination_jacoco.DataAnalysisTest)]" name="test2" duration-ms="1" started-at="2016-10-20T09:58:58Z" finished-at="2016-10-20T09:58:58Z">
          <reporter-output>
          </reporter-output>
        </test-method> <!-- test2 -->
        <test-method status="PASS" signature="test3()[pri:0, instance:test3(se.nackademin.examination.examination_jacoco.DataAnalysisTest)]" name="test3" duration-ms="0" started-at="2016-10-20T09:58:58Z" finished-at="2016-10-20T09:58:58Z">
          <reporter-output>
          </reporter-output>
        </test-method> <!-- test3 -->
      </class> <!-- se.nackademin.examination.examination_jacoco.DataAnalysisTest -->
      <class name="se.nackademin.examination.examination_jacoco.MainTest">
        <test-method status="PASS" signature="testMainMethod()[pri:0, instance:testMainMethod(se.nackademin.examination.examination_jacoco.MainTest)]" name="testMainMethod" duration-ms="2" started-at="2016-10-20T09:58:58Z" finished-at="2016-10-20T09:58:58Z">
          <reporter-output>
          </reporter-output>
        </test-method> <!-- testMainMethod -->
      </class> <!-- se.nackademin.examination.examination_jacoco.MainTest -->
    </test> <!-- Surefire test -->
  </suite> <!-- Surefire suite -->
</testng-results>
